[debug] [2025-04-22T09:09:20.504Z] ----------------------------------------------------------------------
[debug] [2025-04-22T09:09:20.505Z] Command:       C:\Program Files\nodejs\node.exe C:\Users\User\Documents\CEDT\SoftwareEngineer\GitHubActionPractice\node_modules\firebase-tools\lib\bin\firebase.js emulators:start
[debug] [2025-04-22T09:09:20.506Z] CLI Version:   14.2.0
[debug] [2025-04-22T09:09:20.506Z] Platform:      win32
[debug] [2025-04-22T09:09:20.506Z] Node Version:  v20.16.0
[debug] [2025-04-22T09:09:20.506Z] Time:          Tue Apr 22 2025 16:09:20 GMT+0700 (เวลาอินโดจีน)
[debug] [2025-04-22T09:09:20.506Z] ----------------------------------------------------------------------
[debug] 
[debug] [2025-04-22T09:09:20.703Z] > command requires scopes: ["email","openid","https://www.googleapis.com/auth/cloudplatformprojects.readonly","https://www.googleapis.com/auth/firebase","https://www.googleapis.com/auth/cloud-platform"]
[debug] [2025-04-22T09:09:20.704Z] > authorizing via signed-in user (6733170321@student.chula.ac.th)
[info] i  emulators: Starting emulators: hosting {"metadata":{"emulator":{"name":"hub"},"message":"Starting emulators: hosting"}}
[debug] [2025-04-22T09:09:20.711Z] [logging] Logging Emulator only supports listening on one address (127.0.0.1). Not listening on ::1
[debug] [2025-04-22T09:09:20.712Z] [hosting] Hosting Emulator only supports listening on one address (127.0.0.1). Not listening on ::1
[debug] [2025-04-22T09:09:20.712Z] assigned listening specs for emulators {"user":{"hub":[{"address":"127.0.0.1","family":"IPv4","port":4400},{"address":"::1","family":"IPv6","port":4400}],"logging":[{"address":"127.0.0.1","family":"IPv4","port":4500}],"hosting":[{"address":"127.0.0.1","family":"IPv4","port":5000}]},"metadata":{"message":"assigned listening specs for emulators"}}
[debug] [2025-04-22T09:09:20.716Z] [hub] writing locator at C:\Users\User\AppData\Local\Temp\hub-project-10b44.json
[debug] [2025-04-22T09:09:20.729Z] Checked if tokens are valid: true, expires at: 1745315715220
[debug] [2025-04-22T09:09:20.730Z] Checked if tokens are valid: true, expires at: 1745315715220
[debug] [2025-04-22T09:09:20.731Z] >>> [apiv2][query] GET https://firebasehosting.googleapis.com/v1beta1/projects/project-10b44/sites 
[debug] [2025-04-22T09:09:21.512Z] <<< [apiv2][status] GET https://firebasehosting.googleapis.com/v1beta1/projects/project-10b44/sites 200
[debug] [2025-04-22T09:09:21.513Z] <<< [apiv2][body] GET https://firebasehosting.googleapis.com/v1beta1/projects/project-10b44/sites {"sites":[{"name":"projects/project-10b44/sites/project-10b44","defaultUrl":"https://project-10b44.web.app","type":"DEFAULT_SITE"}]}
[debug] [2025-04-22T09:09:21.513Z] Checked if tokens are valid: true, expires at: 1745315715220
[debug] [2025-04-22T09:09:21.513Z] Checked if tokens are valid: true, expires at: 1745315715220
[debug] [2025-04-22T09:09:21.513Z] >>> [apiv2][query] GET https://firebase.googleapis.com/v1beta1/projects/project-10b44/webApps/-/config [none]
[debug] [2025-04-22T09:09:21.956Z] <<< [apiv2][status] GET https://firebase.googleapis.com/v1beta1/projects/project-10b44/webApps/-/config 200
[debug] [2025-04-22T09:09:21.956Z] <<< [apiv2][body] GET https://firebase.googleapis.com/v1beta1/projects/project-10b44/webApps/-/config {"projectId":"project-10b44","storageBucket":"project-10b44.firebasestorage.app","apiKey":"AIzaSyCfbjo4AbWf0uC8lnLvV0PLGN8ulXLbDEM","authDomain":"project-10b44.firebaseapp.com","messagingSenderId":"15221647319"}
[debug] [2025-04-22T09:09:21.960Z] Checked if tokens are valid: true, expires at: 1745315715220
[debug] [2025-04-22T09:09:21.960Z] Checked if tokens are valid: true, expires at: 1745315715220
[debug] [2025-04-22T09:09:21.960Z] >>> [apiv2][query] GET https://firebase.googleapis.com/v1beta1/projects/project-10b44 [none]
[debug] [2025-04-22T09:09:22.277Z] <<< [apiv2][status] GET https://firebase.googleapis.com/v1beta1/projects/project-10b44 200
[debug] [2025-04-22T09:09:22.277Z] <<< [apiv2][body] GET https://firebase.googleapis.com/v1beta1/projects/project-10b44 {"projectId":"project-10b44","projectNumber":"15221647319","displayName":"project","name":"projects/project-10b44","resources":{"hostingSite":"project-10b44"},"state":"ACTIVE","etag":"1_058914dd-603f-4c35-a04f-7d87c767dfc5"}
[info] i  hosting[project-10b44]: Serving hosting files from: public {"metadata":{"emulator":{"name":"hosting"},"message":"Serving hosting files from: \u001b[1mpublic\u001b[22m"}}
[info] +  hosting[project-10b44]: Local server: http://127.0.0.1:5000 {"metadata":{"emulator":{"name":"hosting"},"message":"Local server: \u001b[4m\u001b[1mhttp://127.0.0.1:5000\u001b[22m\u001b[24m"}}
[warn] !  emulators: The Emulator UI is not starting, either because none of the running emulators have a UI component or the Emulator UI cannot determine the Project ID. Pass the --project flag to specify a project. {"metadata":{"emulator":{"name":"hub"},"message":"The Emulator UI is not starting, either because none of the running emulators have a UI component or the Emulator UI cannot determine the Project ID. Pass the --project flag to specify a project."}}
[debug] [2025-04-22T09:09:22.296Z] Could not find VSCode notification endpoint: FetchError: request to http://localhost:40001/vscode/notify failed, reason: . If you are not running the Firebase Data Connect VSCode extension, this is expected and not an issue.
[info] 
┌─────────────────────────────────────────────────────────────┐
│ ✔  All emulators ready! It is now safe to connect your app. │
└─────────────────────────────────────────────────────────────┘

┌──────────┬────────────────┐
│ Emulator │ Host:Port      │
├──────────┼────────────────┤
│ Hosting  │ 127.0.0.1:5000 │
└──────────┴────────────────┘
  Emulator Hub host: 127.0.0.1 port: 4400
  Other reserved ports: 4500

Issues? Report them at https://github.com/firebase/firebase-tools/issues and attach the *-debug.log files.
 
[debug] [2025-04-22T09:22:23.412Z] Received signal SIGINT (Ctrl-C) 1
[info]  
[info] i  emulators: Received SIGINT (Ctrl-C) for the first time. Starting a clean shutdown. 
[info] i  emulators: Please wait for a clean shutdown or send the SIGINT (Ctrl-C) signal again to stop right now. 
[info] i  emulators: Shutting down emulators. {"metadata":{"emulator":{"name":"hub"},"message":"Shutting down emulators."}}
[info] i  hosting: Stopping Hosting Emulator {"metadata":{"emulator":{"name":"hosting"},"message":"Stopping Hosting Emulator"}}
[info] i  hub: Stopping emulator hub {"metadata":{"emulator":{"name":"hub"},"message":"Stopping emulator hub"}}
[info] i  logging: Stopping Logging Emulator {"metadata":{"emulator":{"name":"logging"},"message":"Stopping Logging Emulator"}}
[debug] [2025-04-22T09:22:23.424Z] Could not find VSCode notification endpoint: FetchError: request to http://localhost:40001/vscode/notify failed, reason: . If you are not running the Firebase Data Connect VSCode extension, this is expected and not an issue.
[debug] [2025-04-22T09:22:31.573Z] Error: Timed out.
    at Timeout.<anonymous> (C:\Users\User\Documents\CEDT\SoftwareEngineer\GitHubActionPractice\node_modules\firebase-tools\lib\utils.js:269:49)
    at listOnTimeout (node:internal/timers:581:17)
    at process.processTimers (node:internal/timers:519:7)
[error] 
[error] Error: An unexpected error has occurred.
